<?xml version="1.0" encoding="utf-8"?><testsuites name="pytest tests"><testsuite name="pytest" errors="0" failures="0" skipped="0" tests="8" time="1.199" timestamp="2026-05-07T13:13:26.586759+00:00" hostname="agent-env-84d9c43a-00ea-4600-9363-1b2b8b37ddfa"><testcase classname="backend.tests.test_portfolio_api.TestRoot" name="test_root_welcome" time="0.340" /><testcase classname="backend.tests.test_portfolio_api.TestStatus" name="test_create_and_list_status" time="0.140" /><testcase classname="backend.tests.test_portfolio_api.TestContact" name="test_create_contact_201" time="0.079" /><testcase classname="backend.tests.test_portfolio_api.TestContact" name="test_create_contact_minimal" time="0.062" /><testcase classname="backend.tests.test_portfolio_api.TestContact" name="test_invalid_email_422" time="0.061" /><testcase classname="backend.tests.test_portfolio_api.TestContact" name="test_short_message_422" time="0.061" /><testcase classname="backend.tests.test_portfolio_api.TestContact" name="test_empty_name_422" time="0.065" /><testcase classname="backend.tests.test_portfolio_api.TestContact" name="test_list_contact_sorted_desc_no_id" time="0.193" /></testsuite></testsuites>