<?xml version="1.0" encoding="utf-8"?><testsuites name="pytest tests"><testsuite name="pytest" errors="0" failures="0" skipped="0" tests="9" time="1.183" timestamp="2026-05-07T14:02:53.077027+00:00" hostname="agent-env-84d9c43a-00ea-4600-9363-1b2b8b37ddfa"><testcase classname="backend.tests.test_portfolio_api.TestRoot" name="test_root_welcome" time="0.162" /><testcase classname="backend.tests.test_portfolio_api.TestStatus" name="test_create_and_list_status" time="0.118" /><testcase classname="backend.tests.test_portfolio_api.TestContactValidation" name="test_create_contact_201_and_no_internal_fields" time="0.057" /><testcase classname="backend.tests.test_portfolio_api.TestContactValidation" name="test_invalid_email_422" time="0.052" /><testcase classname="backend.tests.test_portfolio_api.TestContactValidation" name="test_short_message_422" time="0.054" /><testcase classname="backend.tests.test_portfolio_api.TestContactValidation" name="test_empty_name_422" time="0.137" /><testcase classname="backend.tests.test_portfolio_api.TestHoneypot" name="test_honeypot_returns_201_but_does_not_persist" time="0.169" /><testcase classname="backend.tests.test_portfolio_api.TestRateLimit" name="test_rate_limit_429_within_six" time="0.291" /><testcase classname="backend.tests.test_portfolio_api.TestContactList" name="test_list_no_id_no_ip_sorted_desc" time="0.060" /></testsuite></testsuites>